<?xml version="1.0" encoding="UTF-8"?>
<testng-results skipped="0" failed="0" ignored="0" total="1" passed="1">
  <reporter-output>
  </reporter-output>
  <suite name="Suite" duration-ms="67742" started-at="2022-06-24T16:31:47 IST" finished-at="2022-06-24T16:32:54 IST">
    <groups>
    </groups>
    <test name="Test2" duration-ms="67742" started-at="2022-06-24T16:31:47 IST" finished-at="2022-06-24T16:32:54 IST">
      <class name="testcase.TC01_LoginDDT">
        <test-method status="PASS" signature="setup(java.lang.String)[pri:0, instance:testcase.TC01_LoginDDT@458c1321]" name="setup" is-config="true" duration-ms="6853" started-at="2022-06-24T16:31:47 IST" finished-at="2022-06-24T16:31:54 IST">
          <params>
            <param index="0">
              <value>
                <![CDATA[chrome]]>
              </value>
            </param>
          </params>
          <reporter-output>
          </reporter-output>
        </test-method> <!-- setup -->
        <test-method status="PASS" signature="test(java.lang.String, java.lang.String)[pri:0, instance:testcase.TC01_LoginDDT@458c1321]" name="test" duration-ms="58111" started-at="2022-06-24T16:31:56 IST" data-provider="LoginData" finished-at="2022-06-24T16:32:54 IST">
          <params>
            <param index="0">
              <value>
                <![CDATA[abcmno@gmail.com]]>
              </value>
            </param>
            <param index="1">
              <value>
                <![CDATA[abc123]]>
              </value>
            </param>
          </params>
          <reporter-output>
          </reporter-output>
        </test-method> <!-- test -->
      </class> <!-- testcase.TC01_LoginDDT -->
    </test> <!-- Test2 -->
  </suite> <!-- Suite -->
</testng-results>
