<?xml version="1.0" encoding="UTF-8"?>
<testng-results skipped="0" failed="0" ignored="0" total="1" passed="1">
  <reporter-output>
  </reporter-output>
  <suite name="Suite" duration-ms="48278" started-at="2022-06-24T14:57:31 IST" finished-at="2022-06-24T14:58:19 IST">
    <groups>
    </groups>
    <test name="Test2" duration-ms="48278" started-at="2022-06-24T14:57:31 IST" finished-at="2022-06-24T14:58:19 IST">
      <class name="testcase.TC01_LoginDDT">
        <test-method status="PASS" signature="setup(java.lang.String)[pri:0, instance:testcase.TC01_LoginDDT@e720b71]" name="setup" is-config="true" duration-ms="7262" started-at="2022-06-24T14:57:32 IST" finished-at="2022-06-24T14:57:39 IST">
          <params>
            <param index="0">
              <value>
                <![CDATA[chrome]]>
              </value>
            </param>
          </params>
          <reporter-output>
          </reporter-output>
        </test-method> <!-- setup -->
        <test-method status="PASS" signature="test(java.lang.String, java.lang.String)[pri:0, instance:testcase.TC01_LoginDDT@e720b71]" name="test" duration-ms="38029" started-at="2022-06-24T14:57:41 IST" data-provider="LoginData" finished-at="2022-06-24T14:58:19 IST">
          <params>
            <param index="0">
              <value>
                <![CDATA[abcmno@gmail.com]]>
              </value>
            </param>
            <param index="1">
              <value>
                <![CDATA[abc123]]>
              </value>
            </param>
          </params>
          <reporter-output>
          </reporter-output>
        </test-method> <!-- test -->
      </class> <!-- testcase.TC01_LoginDDT -->
    </test> <!-- Test2 -->
  </suite> <!-- Suite -->
</testng-results>
